<?xml version="1.0" encoding="UTF-8"?>
<testng-results ignored="0" total="1" passed="1" failed="0" skipped="0">
  <reporter-output>
  </reporter-output>
  <suite started-at="2023-08-17T13:39:49 IST" name="Surefire suite" finished-at="2023-08-17T13:39:51 IST" duration-ms="1959">
    <groups>
    </groups>
    <test started-at="2023-08-17T13:39:49 IST" name="Surefire test" finished-at="2023-08-17T13:39:51 IST" duration-ms="1959">
      <class name="scripts.TestCase">
        <test-method is-config="true" signature="beforeSuitSetup()[pri:0, instance:scripts.TestCase@1534f01b]" started-at="2023-08-17T13:39:40 IST" name="beforeSuitSetup" finished-at="2023-08-17T13:39:49 IST" duration-ms="8785" status="PASS">
          <reporter-output>
          </reporter-output>
        </test-method> <!-- beforeSuitSetup -->
        <test-method is-config="true" signature="beforemethod()[pri:0, instance:scripts.TestCase@1534f01b]" started-at="2023-08-17T13:39:49 IST" name="beforemethod" finished-at="2023-08-17T13:39:49 IST" duration-ms="2" status="PASS">
          <reporter-output>
          </reporter-output>
        </test-method> <!-- beforemethod -->
        <test-method signature="TestCase001()[pri:0, instance:scripts.TestCase@1534f01b]" started-at="2023-08-17T13:39:49 IST" name="TestCase001" description="Test Case 001 : Test successful login with valid credentials." finished-at="2023-08-17T13:39:51 IST" duration-ms="1917" status="PASS">
          <reporter-output>
          </reporter-output>
        </test-method> <!-- TestCase001 -->
        <test-method is-config="true" signature="afterMethod()[pri:0, instance:scripts.TestCase@1534f01b]" started-at="2023-08-17T13:39:51 IST" name="afterMethod" finished-at="2023-08-17T13:39:51 IST" duration-ms="1" status="PASS">
          <reporter-output>
          </reporter-output>
        </test-method> <!-- afterMethod -->
        <test-method is-config="true" signature="afterSuit()[pri:0, instance:scripts.TestCase@1534f01b]" started-at="2023-08-17T13:39:51 IST" name="afterSuit" finished-at="2023-08-17T13:39:53 IST" duration-ms="1600" status="PASS">
          <reporter-output>
          </reporter-output>
        </test-method> <!-- afterSuit -->
      </class> <!-- scripts.TestCase -->
    </test> <!-- Surefire test -->
  </suite> <!-- Surefire suite -->
</testng-results>
