<?xml version="1.0" encoding="UTF-8"?>
<testsuite xmlns:xsi="http://www.w3.org/2001/XMLSchema-instance" xsi:noNamespaceSchemaLocation="https://maven.apache.org/surefire/maven-surefire-plugin/xsd/surefire-test-report-3.0.xsd" version="3.0" name="scripts.TestCase" time="12.872" tests="1" errors="0" skipped="0" failures="0">
  <properties>
[...]
</properties>
  <testcase name="TestCase001" classname="scripts.TestCase" time="1.918">
    <system-out><![CDATA[2023-08-17 13:39:44 INFO  Logging:19 - Firefox Driver Created
2023-08-17 13:39:44 INFO  Logging:19 - Browser maximized
2023-08-17 13:39:49 INFO  Logging:9 - #################################################################################
2023-08-17 13:39:49 INFO  Logging:10 - $$$$$$$$$$$ Starting the Test CaseTest Case 001 : Test successful login with valid credentials.$$$$$$$$$$$
2023-08-17 13:39:49 INFO  Logging:11 - #################################################################################
2023-08-17 13:39:49 INFO  Logging:19 - User entered username
2023-08-17 13:39:49 INFO  Logging:19 - User entered password
2023-08-17 13:39:49 INFO  Logging:19 - User click on login button
2023-08-17 13:39:51 INFO  Logging:19 - Test Case Pass : User successfully Login to the application
2023-08-17 13:39:51 INFO  Logging:15 - ###################################################Test Case Ended ##############################################
]]></system-out>
    <system-err><![CDATA[SLF4J: Failed to load class "org.slf4j.impl.StaticLoggerBinder".
SLF4J: Defaulting to no-operation (NOP) logger implementation
SLF4J: See http://www.slf4j.org/codes.html#StaticLoggerBinder for further details.
ERROR StatusLogger Log4j2 could not find a logging implementation. Please add log4j-core to the classpath. Using SimpleLogger to log to the console...
]]></system-err>
  </testcase>
</testsuite>